<?xml version="1.0" encoding="utf-8"?><testsuites name="pytest tests"><testsuite name="pytest" errors="0" failures="0" skipped="0" tests="27" time="4.656" timestamp="2026-05-26T21:39:59.478558+00:00" hostname="agent-env-7b68392e-6ddb-41e6-979f-15ba9d2e3275"><testcase classname="backend.tests.backend_test.TestHealth" name="test_api_root" time="0.308" /><testcase classname="backend.tests.backend_test.TestStats" name="test_stats_shape" time="0.058" /><testcase classname="backend.tests.backend_test.TestAcessos" name="test_log_acesso" time="0.773" /><testcase classname="backend.tests.backend_test.TestInscricoesList" name="test_list_returns_json" time="0.049" /><testcase classname="backend.tests.backend_test.TestInscricaoFlow" name="test_inscricao_persisted" time="0.802" /><testcase classname="backend.tests.backend_test.TestInscricaoFlow" name="test_inscricao_idempotent_same_cpf" time="0.134" /><testcase classname="backend.tests.backend_test.TestInscricaoFlow" name="test_pix_requires_config" time="0.554" /><testcase classname="backend.tests.backend_test.TestConfig" name="test_get_config" time="0.050" /><testcase classname="backend.tests.backend_test.TestStaticPages" name="test_page_loads[/home.html]" time="0.106" /><testcase classname="backend.tests.backend_test.TestStaticPages" name="test_page_loads[/dados.html]" time="0.110" /><testcase classname="backend.tests.backend_test.TestStaticPages" name="test_page_loads[/pais.html]" time="0.074" /><testcase classname="backend.tests.backend_test.TestStaticPages" name="test_page_loads[/nome-social.html]" time="0.085" /><testcase classname="backend.tests.backend_test.TestStaticPages" name="test_page_loads[/ensino-medio.html]" time="0.076" /><testcase classname="backend.tests.backend_test.TestStaticPages" name="test_page_loads[/tipo-escola.html]" time="0.085" /><testcase classname="backend.tests.backend_test.TestStaticPages" name="test_page_loads[/municipio-nascimento.html]" time="0.076" /><testcase classname="backend.tests.backend_test.TestStaticPages" name="test_page_loads[/atendimento.html]" time="0.078" /><testcase classname="backend.tests.backend_test.TestStaticPages" name="test_page_loads[/lingua.html]" time="0.073" /><testcase classname="backend.tests.backend_test.TestStaticPages" name="test_page_loads[/cep.html]" time="0.077" /><testcase classname="backend.tests.backend_test.TestStaticPages" name="test_page_loads[/endereco.html]" time="0.079" /><testcase classname="backend.tests.backend_test.TestStaticPages" name="test_page_loads[/municipio-prova.html]" time="0.080" /><testcase classname="backend.tests.backend_test.TestStaticPages" name="test_page_loads[/contato.html]" time="0.154" /><testcase classname="backend.tests.backend_test.TestStaticPages" name="test_page_loads[/confirma.html]" time="0.094" /><testcase classname="backend.tests.backend_test.TestStaticPages" name="test_page_loads[/inscricao-sucesso.html]" time="0.097" /><testcase classname="backend.tests.backend_test.TestStaticPages" name="test_page_loads[/inscricao-concluida.html]" time="0.053" /><testcase classname="backend.tests.backend_test.TestStaticPages" name="test_page_loads[/pagamento.html]" time="0.086" /><testcase classname="backend.tests.backend_test.TestStaticPages" name="test_page_loads[/donaspainel.html]" time="0.054" /><testcase classname="backend.tests.backend_test.TestStaticPages" name="test_questionario_pages_removed" time="0.166" /></testsuite></testsuites>